<?xml version="1.0" encoding="UTF-8"?>
<!-- Generated by org.testng.reporters.JUnitReportReporter -->
<testsuite hostname="Sammers-Mac-mini.local" failures="0" tests="1" name="pages.GetAndPostExamples" time="0.008" errors="0" timestamp="2023-05-01T17:02:48 PDT" skipped="0">
  <testcase classname="pages.GetAndPostExamples" name="testPost" time="0.008"/>
  <system-out/>
</testsuite> <!-- pages.GetAndPostExamples -->
