<?xml version="1.0" encoding="UTF-8"?>
<!-- Generated by org.testng.reporters.JUnitReportReporter -->
<testsuite hostname="Sammers-Mac-mini.local" failures="0" tests="1" name="step_definitions.ItemsManagmentSteps" time="2.087" errors="0" timestamp="2023-05-01T11:07:09 PDT" skipped="0">
  <testcase classname="step_definitions.ItemsManagmentSteps" name="test_1" time="2.087"/>
  <system-out/>
</testsuite> <!-- step_definitions.ItemsManagmentSteps -->
