<?xml version="1.0" encoding="UTF-8"?>
<!-- Generated by org.testng.reporters.JUnitReportReporter -->
<testsuite hostname="Sammers-Mac-mini.local" failures="0" tests="1" name="pages.RestAssured" time="3.470" errors="0" timestamp="2023-05-01T16:49:49 PDT" skipped="0">
  <testcase classname="pages.RestAssured" name="test_2" time="3.470"/>
  <system-out/>
</testsuite> <!-- pages.RestAssured -->
